<?xml version="1.0" encoding="UTF-8"?>
<testsuite xmlns:xsi="http://www.w3.org/2001/XMLSchema-instance" xsi:noNamespaceSchemaLocation="https://maven.apache.org/surefire/maven-surefire-plugin/xsd/surefire-test-report.xsd" name="com.sapient.oms.entity.StoreTest" time="0.083" tests="4" errors="0" skipped="0" failures="0">
  <properties>
[...]
</properties>
  <testcase name="testContactNumber" classname="com.sapient.oms.entity.StoreTest" time="0.039"/>
  <testcase name="testEmail" classname="com.sapient.oms.entity.StoreTest" time="0.006"/>
  <testcase name="testId" classname="com.sapient.oms.entity.StoreTest" time="0.002"/>
  <testcase name="testShopName" classname="com.sapient.oms.entity.StoreTest" time="0.001"/>
</testsuite>